make all --print-data-base --no-builtin-variables --no-builtin-rules --question
# GNU Make 4.4.1
# Built for x86_64-unknown-linux-gnu
# Copyright (C) 1988-2023 Free Software Foundation, Inc.
# License GPLv3+: GNU GPL version 3 or later <https://gnu.org/licenses/gpl.html>
# This is free software: you are free to change and redistribute it.
# There is NO WARRANTY, to the extent permitted by law.
 

# Make data base, printed on Mon Nov  3 15:40:00 2025

# Variables

# environment
GDK_BACKEND = x11
# environment
LC_ALL = C
# environment
SSH_AGENT_LAUNCHER = gnome-keyring
# environment
PULSE_SERVER = unix:/run/flatpak/pulse/native
# makefile (from 'Makefile', line 37)
CLR_CYN := \033[36m
# environment
SBX_CHROME_API_RQ = 1
# makefile (from 'Makefile', line 11)
SRC_DIR := src
# environment
VSCODE_CRASH_REPORTER_PROCESS_TYPE = extensionHost
# environment
VSCODE_CWD = /home/madao-da
# environment
LIBVIRT_DEFAULT_URI = qemu:///system
# environment
GDM_LANG = en
# default
MAKE_COMMAND := make
# environment
QT_ACCESSIBILITY = 1
# automatic
@D = $(patsubst %/,%,$(dir $@))
# makefile (from 'Makefile', line 27)
Q := @
# environment
VSCODE_HANDLES_UNCAUGHT_ERRORS = true
# default
.VARIABLES := 
# environment
PWD = /home/madao-da/42/Rank_05/ft_irc
# environment
ZYPAK_ZYGOTE_STRATEGY_SPAWN = 1
# automatic
%D = $(patsubst %/,%,$(dir $%))
# environment
GI_TYPELIB_PATH = /app/lib/girepository-1.0
# makefile (from 'Makefile', line 32)
CLR_BOLD := \033[1m
# environment
XDG_DATA_DIRS = /app/share:/usr/share:/usr/share/runtime/share:/run/host/user-share:/run/host/share
# automatic
^D = $(patsubst %/,%,$(dir $^))
# automatic
%F = $(notdir $%)
# environment
VSCODE_CODE_CACHE_PATH = /home/madao-da/.var/app/com.visualstudio.code/config/Code/CachedData/7adae6a56e34cb64d08899664b814cf620465925
# environment
XDG_SESSION_PATH = /org/freedesktop/DisplayManager/Session3
# environment
LANG = C
# environment
XAUTHORITY = /run/flatpak/Xauthority
# default
.LOADED := 
# default
.INCLUDE_DIRS := /usr/include
# environment
ALSA_CONFIG_DIR = /usr/share/alsa
# makefile
MAKEFLAGS = pqrR
# makefile (from 'Makefile', line 39)
ERR_SYM := ✗
# environment
DBUS_STARTER_ADDRESS = unix:path=/run/user/102044/bus,guid=3d8aa53eb72066684b492f6e6908c27e
# makefile
CURDIR := /home/madao-da/42/Rank_05/ft_irc
# environment
APPLICATION_INSIGHTS_NO_DIAGNOSTIC_CHANNEL = true
# makefile (from 'Makefile', line 15)
SRCS := src/channel/Channels.cpp src/client/Client.cpp src/commands/invite.cpp src/commands/kick.cpp src/commands/nick.cpp src/commands/part.cpp src/commands/pass.cpp src/commands/privmsg.cpp src/commands/quit.cpp src/commands/topic.cpp src/commands/user.cpp src/commands/join.cpp src/commands/mode.cpp src/modes/modes.cpp src/server/main.cpp src/server/Server.cpp
# environment
VSCODE_L10N_BUNDLE_LOCATION = 
# automatic
*D = $(patsubst %/,%,$(dir $*))
# environment
ZYPAK_LIB = /app/bin/../lib
# environment
MFLAGS = -pqrR
# environment
SSH_AUTH_SOCK = /run/flatpak/ssh-auth
# default
.SHELLFLAGS := -c
# environment
XDG_CONFIG_DIRS = /app/etc/xdg:/etc/xdg
# automatic
+D = $(patsubst %/,%,$(dir $+))
# environment
ALSA_CONFIG_PATH = /usr/share/alsa/alsa-flatpak.conf
# environment
XDG_SESSION_DESKTOP = ubuntu
# makefile (from 'build/server/Server.d', line 1)
MAKEFILE_LIST := Makefile build/channel/Channels.d build/client/Client.d build/commands/invite.d build/commands/kick.d build/commands/nick.d build/commands/part.d build/commands/pass.d build/commands/privmsg.d build/commands/quit.d build/commands/topic.d build/commands/user.d build/commands/join.d build/commands/mode.d build/modes/modes.d build/server/main.d build/server/Server.d
# environment
FLATPAK_SANDBOX_DIR = /home/madao-da/.var/app/com.visualstudio.code/sandbox
# automatic
@F = $(notdir $@)
# environment
VSCODE_PID = 22
# environment
KRB5CCNAME = FILE:/tmp/krb5cc_102044_2eTL3V
# environment
XDG_SESSION_TYPE = x11
# automatic
?D = $(patsubst %/,%,$(dir $?))
# environment
PYTHONUSERBASE = /var/data/python
# environment
AT_SPI_BUS_ADDRESS = unix:path=/run/flatpak/at-spi-bus
# makefile (from 'Makefile', line 33)
CLR_RED := \033[31m
# environment
XDG_DATA_HOME = /home/madao-da/.var/app/com.visualstudio.code/data
# environment
SESSION_MANAGER = local/c2r2s1.42porto.com:@/tmp/.ICE-unix/108054,unix/c2r2s1.42porto.com:/tmp/.ICE-unix/108054
# automatic
*F = $(notdir $*)
# environment
CHROME_DESKTOP = code.desktop
# environment
DBUS_SESSION_BUS_ADDRESS = unix:path=/run/flatpak/bus
# automatic
<D = $(patsubst %/,%,$(dir $<))
# environment
VSCODE_NLS_CONFIG = {"userLocale":"en-us","osLocale":"en","resolvedLanguage":"en","defaultMessagesFile":"/app/extra/vscode/resources/app/out/nls.messages.json","locale":"en-us","availableLanguages":{}}
# environment
__EGL_EXTERNAL_PLATFORM_CONFIG_DIRS = /etc/egl/egl_external_platform.d:/usr/lib/x86_64-linux-gnu/GL/egl/egl_external_platform.d:/usr/share/egl/egl_external_platform.d
# default
MAKE_HOST := x86_64-unknown-linux-gnu
# makefile (from 'Makefile', line 16)
OBJS := build/channel/Channels.o build/client/Client.o build/commands/invite.o build/commands/kick.o build/commands/nick.o build/commands/part.o build/commands/pass.o build/commands/privmsg.o build/commands/quit.o build/commands/topic.o build/commands/user.o build/commands/join.o build/commands/mode.o build/modes/modes.o build/server/main.o build/server/Server.o
# environment
GNOME_DESKTOP_SESSION_ID = this-is-deprecated
# makefile
SHELL = /bin/sh
# default
MAKECMDGOALS := all
# environment
XMODIFIERS = @im=ibus
# environment
LD_LIBRARY_PATH = /app/lib
# environment
SANDBOX_LD_LIBRARY_PATH = /app/lib
# environment
SHLVL = 0
# makefile (from 'Makefile', line 35)
CLR_YLW := \033[33m
# environment
MAKELEVEL := 0
# default
MAKE = $(MAKE_COMMAND)
# environment
PATH = /app/bin:/app/bin:/app/bin:/usr/bin:/home/madao-da/.var/app/com.visualstudio.code/data/node_modules/bin
# environment
XCURSOR_PATH = /run/host/user-share/icons:/run/host/share/icons
# default
MAKEFILES := 
# environment
LANGUAGE = en
# automatic
^F = $(notdir $^)
# environment
DBUS_SYSTEM_BUS_ADDRESS = unix:path=/run/dbus/system_bus_socket
# makefile (from 'Makefile', line 36)
CLR_MAG := \033[35m
# environment
XDG_CONFIG_HOME = /home/madao-da/.var/app/com.visualstudio.code/config
# environment
INVOCATION_ID = ff3d2c7b652e4f6ba27bf2d7d1ef6777
# makefile (from 'Makefile', line 41)
TAG_CC := \033[36m[CC]\033[0m
# environment
DOCKER_HOST = unix:///run/user/102044/docker.sock
# automatic
?F = $(notdir $?)
# makefile (from 'Makefile', line 5)
NAME := ircserv
# environment
GTK_IM_MODULE = ibus
# environment
XDG_CURRENT_DESKTOP = Unity
# automatic
+F = $(notdir $+)
# environment
XDG_SEAT_PATH = /org/freedesktop/DisplayManager/Seat0
# environment
DESKTOP_SESSION = ubuntu
# environment
GST_PLUGIN_SYSTEM_PATH = /app/lib/gstreamer-1.0:/usr/lib/extensions/gstreamer-1.0:/usr/lib/x86_64-linux-gnu/gstreamer-1.0
# environment
ORIGINAL_XDG_CURRENT_DESKTOP = ubuntu:GNOME
# 'override' directive
GNUMAKEFLAGS := 
# environment
LOGNAME = madao-da
# makefile (from 'Makefile', line 38)
OK_SYM := ✓
# makefile (from 'Makefile', line 43)
TAG_CLEAN := \033[33m[CLEAN]\033[0m
# environment
container = flatpak
# makefile (from 'Makefile', line 9)
CPPFLAGS := -MMD -MP -I include
# environment
GIO_LAUNCHED_DESKTOP_FILE = /var/lib/flatpak/exports/share/applications/com.visualstudio.code.desktop
# makefile (from 'Makefile', line 42)
TAG_LD := \033[35m[LD]\033[0m
# makefile
.DEFAULT_GOAL := all
# environment
SYSTEMD_EXEC_PID = 108054
# environment
NPM_CONFIG_GLOBALCONFIG = /app/etc/npmrc
# environment
GTK_MODULES = gail:atk-bridge
# environment
USER = madao-da
# environment
DISPLAY = :99.0
# default
MAKE_VERSION := 4.4.1
# 'override' directive
.SHELLSTATUS := 0
# environment
MANAGERPID = 107416
# environment
DBUS_STARTER_BUS_TYPE = session
# environment
GIO_LAUNCHED_DESKTOP_FILE_PID = 112157
# environment
_ = /usr/bin/make
# environment
XDG_RUNTIME_DIR = /run/user/102044
# environment
GPG_AGENT_INFO = /run/user/102044/gnupg/S.gpg-agent:0:1
# environment
PULSE_CLIENTCONFIG = /run/flatpak/pulse/config
# makefile (from 'Makefile', line 34)
CLR_GRN := \033[32m
# environment
JOURNAL_STREAM = 8:504730
# environment
XDG_SESSION_CLASS = user
# makefile (from 'Makefile', line 31)
CLR_RESET := \033[0m
# makefile (from 'Makefile', line 12)
BUILD_DIR := build
# environment
HOME = /home/madao-da
# environment
QT_IM_MODULE = ibus
# environment
ELECTRON_RUN_AS_NODE = 1
# environment
VSCODE_IPC_HOOK = /run/user/102044/vscode-66fbeb23-1.10-main.sock
# environment
FT_HOOK_PATHNAME = login-user.d
# default
.RECIPEPREFIX := 
# automatic
<F = $(notdir $<)
# makefile (from 'Makefile', line 17)
DEPS := build/channel/Channels.d build/client/Client.d build/commands/invite.d build/commands/kick.d build/commands/nick.d build/commands/part.d build/commands/pass.d build/commands/privmsg.d build/commands/quit.d build/commands/topic.d build/commands/user.d build/commands/join.d build/commands/mode.d build/modes/modes.d build/server/main.d build/server/Server.d
# default
SUFFIXES := 
# environment
XDG_CACHE_HOME = /home/madao-da/.var/app/com.visualstudio.code/cache
# environment
VSCODE_CLI = 1
# environment
FT_HOOK_NAME = login-user
# environment
ELECTRON_NO_ATTACH_CONSOLE = 1
 
# makefile (from 'Makefile', line 8)
CXXFLAGS := -Wall -Werror -Wextra -std=c++98
# environment
XDG_GREETER_DATA_DIR = /var/lib/lightdm-data/madao-da
# default
.FEATURES := target-specific order-only second-expansion else-if shortest-stem undefine oneshell nocomment grouped-target extra-prereqs notintermediate shell-export archives jobserver jobserver-fifo output-sync check-symlink load
# makefile (from 'Makefile', line 7)
CXX := c++
# makefile (from 'Makefile', line 44)
TAG_FCLEAN := \033[33m[FCLEAN]\033[0m
# environment
FLATPAK_ID = com.visualstudio.code
# environment
XDG_MENU_PREFIX = gnome-
# environment
VSCODE_ESM_ENTRYPOINT = vs/workbench/api/node/extensionHostProcess
# environment
ZYPAK_BIN = /app/bin
# environment
GDMSESSION = ubuntu
# variable set hash-table stats:
# Load=149/1024=15%, Rehash=0, Collisions=23/242=10%

# Pattern-specific Variable Values

# No pattern-specific variable values.

# Directories

# src/client (device 2048, inode 4289141): No files, no impossibilities so far.
# src (device 2048, inode 12670280): No files, no impossibilities so far.
# src/commands (device 2048, inode 8465738): No files, no impossibilities so far.
# . (device 2048, inode 12651875): 12 files, no impossibilities.
# src/channel (device 2048, inode 212859): No files, no impossibilities so far.

# 12 files, no impossibilities in 5 directories.

# Implicit Rules

build/%.o: src/%.cpp
#  recipe to execute (from 'Makefile', line 59):
	@mkdir -p $(@D)
	@printf "$(TAG_CC) %s\n" "$<"
	$(Q)$(CXX) $(CXXFLAGS) $(CPPFLAGS) -c $< -o $@

# 1 implicit rules, 0 (0.0%) terminal.
# Files

include/Server.hpp:
#  Implicit rule search has been done.
#  File is secondary (prerequisite of .SECONDARY).
#  Last modified 2025-10-29 11:11:55.661458515
#  File has been updated.
#  Successfully updated.

# Not a target:
src/commands/nick.cpp:
#  Implicit rule search has been done.
#  File is secondary (prerequisite of .SECONDARY).
#  Last modified 2025-10-29 12:39:23.990577279
#  File has been updated.
#  Successfully updated.

# Not a target:
build/commands/nick.d:
#  Implicit rule search has been done.
#  File is secondary (prerequisite of .SECONDARY).
#  Last modified 2025-11-03 14:59:56.574682492
#  File has been updated.
#  Successfully updated.

build/commands/topic.o: src/commands/topic.cpp include/Server.hpp include/Common.hpp include/Client.hpp include/Channels.hpp
#  Implicit rule search has not been done.
#  Modification time never checked.
#  File has not been updated.

# Not a target:
src/commands/user.cpp:
#  Implicit rule search has not been done.
#  Modification time never checked.
#  File has not been updated.

# Not a target:
build/commands/join.d:
#  Implicit rule search has been done.
#  File is secondary (prerequisite of .SECONDARY).
#  Last modified 2025-11-03 14:59:57.890685931
#  File has been updated.
#  Successfully updated.

# Not a target:
src/commands/quit.cpp:
#  Implicit rule search has not been done.
#  Modification time never checked.
#  File has not been updated.

include/Common.hpp:
#  Implicit rule search has been done.
#  File is secondary (prerequisite of .SECONDARY).
#  Last modified 2025-10-29 11:11:55.661458515
#  File has been updated.
#  Successfully updated.

build/client/Client.o: src/client/Client.cpp src/client/Client.cpp include/Client.hpp include/Common.hpp
#  Implicit rule search has been done.
#  Implicit/static pattern stem: 'client/Client'
#  File is secondary (prerequisite of .SECONDARY).
#  Last modified 2025-11-03 14:59:56.006681007
#  File has been updated.
#  Successfully updated.
#  recipe to execute (from 'Makefile', line 59):
	@mkdir -p $(@D)
	@printf "$(TAG_CC) %s\n" "$<"
	$(Q)$(CXX) $(CXXFLAGS) $(CPPFLAGS) -c $< -o $@

build/commands/kick.o: src/commands/kick.cpp src/commands/kick.cpp include/Server.hpp include/Common.hpp include/Client.hpp include/Channels.hpp
#  Implicit rule search has been done.
#  Implicit/static pattern stem: 'commands/kick'
#  File is secondary (prerequisite of .SECONDARY).
#  Last modified 2025-11-03 14:59:56.398682032
#  File has been updated.
#  Successfully updated.
#  recipe to execute (from 'Makefile', line 59):
	@mkdir -p $(@D)
	@printf "$(TAG_CC) %s\n" "$<"
	$(Q)$(CXX) $(CXXFLAGS) $(CPPFLAGS) -c $< -o $@

build/commands/nick.o: src/commands/nick.cpp src/commands/nick.cpp include/Server.hpp include/Common.hpp include/Client.hpp include/Channels.hpp
#  Implicit rule search has been done.
#  Implicit/static pattern stem: 'commands/nick'
#  File is secondary (prerequisite of .SECONDARY).
#  Last modified 2025-11-03 14:59:56.574682492
#  File has been updated.
#  Successfully updated.
#  recipe to execute (from 'Makefile', line 59):
	@mkdir -p $(@D)
	@printf "$(TAG_CC) %s\n" "$<"
	$(Q)$(CXX) $(CXXFLAGS) $(CPPFLAGS) -c $< -o $@

# Not a target:
src/server/main.cpp:
#  Implicit rule search has not been done.
#  Modification time never checked.
#  File has not been updated.

# Not a target:
build/commands/kick.d:
#  Implicit rule search has been done.
#  File is secondary (prerequisite of .SECONDARY).
#  Last modified 2025-11-03 14:59:56.402682042
#  File has been updated.
#  Successfully updated.

# Not a target:
build/commands/mode.d:
#  Implicit rule search has been done.
#  File is secondary (prerequisite of .SECONDARY).
#  Last modified 2025-11-03 14:59:58.082686433
#  File has been updated.
#  Successfully updated.

build/commands/quit.o: src/commands/quit.cpp include/Server.hpp include/Common.hpp include/Client.hpp include/Channels.hpp
#  Implicit rule search has not been done.
#  Modification time never checked.
#  File has not been updated.

# makefile (from 'Makefile', line 74)
debug: CXXFLAGS += -g3 -O0
debug: re
#  Phony target (prerequisite of .PHONY).
#  Implicit rule search has not been done.
#  File does not exist.
#  File has not been updated.
# variable set hash-table stats:
# Load=1/32=3%, Rehash=0, Collisions=0/3=0%

# Not a target:
Makefile:
#  Implicit rule search has been done.
#  File is secondary (prerequisite of .SECONDARY).
#  Last modified 2025-10-29 11:11:55.65345852
#  File has been updated.
#  Successfully updated.

# Not a target:
src/commands/topic.cpp:
#  Implicit rule search has not been done.
#  Modification time never checked.
#  File has not been updated.

# Not a target:
build/commands/part.d:
#  Implicit rule search has been done.
#  File is secondary (prerequisite of .SECONDARY).
#  Last modified 2025-11-03 14:59:56.786683046
#  File has been updated.
#  Successfully updated.

# Not a target:
src/channel/Channels.cpp:
#  Implicit rule search has been done.
#  File is secondary (prerequisite of .SECONDARY).
#  Last modified 2025-10-29 11:11:55.661458515
#  File has been updated.
#  Successfully updated.

# Not a target:
src/commands/mode.cpp:
#  Implicit rule search has not been done.
#  Modification time never checked.
#  File has not been updated.

build/server/main.o: src/server/main.cpp include/Server.hpp include/Common.hpp include/Client.hpp include/Channels.hpp
#  Implicit rule search has not been done.
#  Modification time never checked.
#  File has not been updated.

# Not a target:
src/commands/pass.cpp:
#  Implicit rule search has been done.
#  File is secondary (prerequisite of .SECONDARY).
#  Last modified 2025-10-29 12:40:03.634641592
#  File has been updated.
#  Successfully updated.

clean:
#  Phony target (prerequisite of .PHONY).
#  Implicit rule search has not been done.
#  File does not exist.
#  File has not been updated.
#  recipe to execute (from 'Makefile', line 64):
	@printf "$(TAG_CLEAN) removing object files in %s\n" "$(BUILD_DIR)/"
	$(Q)rm -rf $(BUILD_DIR)

 
# Not a target:
build/commands/user.d:
#  Implicit rule search has been done.
#  File is secondary (prerequisite of .SECONDARY).
#  Last modified 2025-11-03 14:59:57.662685336
#  File has been updated.
#  Successfully updated.

build/commands/join.o: src/commands/join.cpp include/Server.hpp include/Common.hpp include/Client.hpp include/Channels.hpp
#  Implicit rule search has not been done.
#  Modification time never checked.
#  File has not been updated.

# Not a target:
build/modes/modes.d:
#  Implicit rule search has been done.
#  File is secondary (prerequisite of .SECONDARY).
#  Last modified 2025-11-03 14:59:58.242686851
#  File has been updated.
#  Successfully updated.

# Not a target:
build/channel/Channels.d:
#  Implicit rule search has been done.
#  File is secondary (prerequisite of .SECONDARY).
#  Last modified 2025-11-03 14:59:55.850680599
#  File has been updated.
#  Successfully updated.

# Not a target:
src/modes/modes.cpp:
#  Implicit rule search has not been done.
#  Modification time never checked.
#  File has not been updated.

build/server/Server.o: src/server/Server.cpp include/Server.hpp include/Common.hpp include/Client.hpp include/Channels.hpp
#  Implicit rule search has not been done.
#  Modification time never checked.
#  File has not been updated.

build/commands/part.o: src/commands/part.cpp src/commands/part.cpp include/Server.hpp include/Common.hpp include/Client.hpp include/Channels.hpp
#  Implicit rule search has been done.
#  Implicit/static pattern stem: 'commands/part'
#  File is secondary (prerequisite of .SECONDARY).
#  Last modified 2025-11-03 14:59:56.786683046
#  File has been updated.
#  Successfully updated.
#  recipe to execute (from 'Makefile', line 59):
	@mkdir -p $(@D)
	@printf "$(TAG_CC) %s\n" "$<"
	$(Q)$(CXX) $(CXXFLAGS) $(CPPFLAGS) -c $< -o $@

re: fclean all
#  Phony target (prerequisite of .PHONY).
#  Implicit rule search has not been done.
#  File does not exist.
#  File has not been updated.

# Not a target:
src/commands/kick.cpp:
#  Implicit rule search has been done.
#  File is secondary (prerequisite of .SECONDARY).
#  Last modified 2025-10-29 12:37:23.330380891
#  File has been updated.
#  Successfully updated.

build/commands/privmsg.o: src/commands/privmsg.cpp src/commands/privmsg.cpp include/Server.hpp include/Common.hpp include/Client.hpp include/Channels.hpp
#  Implicit rule search has been done.
#  Implicit/static pattern stem: 'commands/privmsg'
#  Last modified 2025-11-03 14:59:57.138683966
#  File has been updated.
#  Needs to be updated (-q is set).
# automatic
# @ := build/commands/privmsg.o
# automatic
# * := commands/privmsg
# automatic
# < := src/commands/privmsg.cpp
# automatic
# + := src/commands/privmsg.cpp src/commands/privmsg.cpp include/Server.hpp include/Common.hpp include/Client.hpp include/Channels.hpp
# automatic
# % := 
# automatic
# ^ := src/commands/privmsg.cpp include/Server.hpp include/Common.hpp include/Client.hpp include/Channels.hpp
# automatic
# ? := src/commands/privmsg.cpp
# automatic
# | := 
# variable set hash-table stats:
# Load=8/32=25%, Rehash=0, Collisions=1/21=5%
#  recipe to execute (from 'Makefile', line 59):
	@mkdir -p $(@D)
	@printf "$(TAG_CC) %s\n" "$<"
	$(Q)$(CXX) $(CXXFLAGS) $(CPPFLAGS) -c $< -o $@

# Not a target:
src/commands/invite.cpp:
#  Implicit rule search has been done.
#  File is secondary (prerequisite of .SECONDARY).
#  Last modified 2025-10-29 12:35:38.77020978
#  File has been updated.
#  Successfully updated.

# Not a target:
.DEFAULT:
#  Implicit rule search has not been done.
#  Modification time never checked.
#  File has not been updated.

build/commands/user.o: src/commands/user.cpp include/Server.hpp include/Common.hpp include/Client.hpp include/Channels.hpp
#  Implicit rule search has not been done.
#  Modification time never checked.
#  File has not been updated.

build/commands/invite.o: src/commands/invite.cpp src/commands/invite.cpp include/Server.hpp include/Common.hpp include/Client.hpp include/Channels.hpp
#  Implicit rule search has been done.
#  Implicit/static pattern stem: 'commands/invite'
#  File is secondary (prerequisite of .SECONDARY).
#  Last modified 2025-11-03 14:59:56.186681477
#  File has been updated.
#  Successfully updated.
#  recipe to execute (from 'Makefile', line 59):
	@mkdir -p $(@D)
	@printf "$(TAG_CC) %s\n" "$<"
	$(Q)$(CXX) $(CXXFLAGS) $(CPPFLAGS) -c $< -o $@

all: ircserv
#  Phony target (prerequisite of .PHONY).
#  Command line target.
#  Implicit rule search has not been done.
#  File does not exist.
#  File has been updated.
#  Needs to be updated (-q is set).
# variable set hash-table stats:
# Load=0/32=0%, Rehash=0, Collisions=0/9=0%

fclean: clean
#  Phony target (prerequisite of .PHONY).
#  Implicit rule search has not been done.
#  File does not exist.
#  File has not been updated.
#  recipe to execute (from 'Makefile', line 68):
	@printf "$(TAG_FCLEAN) removing binary %s\n" "$(NAME)"
	$(Q)rm -f $(NAME)

# Not a target:
src/server/Server.cpp:
#  Implicit rule search has not been done.
#  Modification time never checked.
#  File has not been updated.

# Not a target:
build/commands/quit.d:
#  Implicit rule search has been done.
#  File is secondary (prerequisite of .SECONDARY).
#  Last modified 2025-11-03 14:59:57.310684416
#  File has been updated.
#  Successfully updated.

# Not a target:
build/commands/invite.d:
#  Implicit rule search has been done.
#  File is secondary (prerequisite of .SECONDARY).
 
#  Last modified 2025-11-03 14:59:56.186681477
#  File has been updated.
#  Successfully updated.

# Not a target:
src/client/Client.cpp:
#  Implicit rule search has been done.
#  File is secondary (prerequisite of .SECONDARY).
#  Last modified 2025-10-29 11:11:55.661458515
#  File has been updated.
#  Successfully updated.

# Not a target:
src/commands/privmsg.cpp:
#  Implicit rule search has been done.
#  File is secondary (prerequisite of .SECONDARY).
#  Last modified 2025-11-03 15:19:25.005448949
#  File has been updated.
#  Successfully updated.

include/Client.hpp:
#  Implicit rule search has been done.
#  File is secondary (prerequisite of .SECONDARY).
#  Last modified 2025-10-29 11:11:55.661458515
#  File has been updated.
#  Successfully updated.

build/modes/modes.o: src/modes/modes.cpp include/Channels.hpp include/Common.hpp include/Client.hpp include/Server.hpp
#  Implicit rule search has not been done.
#  Modification time never checked.
#  File has not been updated.

# Not a target:
src/commands/part.cpp:
#  Implicit rule search has been done.
#  File is secondary (prerequisite of .SECONDARY).
#  Last modified 2025-10-29 12:39:53.266624781
#  File has been updated.
#  Successfully updated.

# Not a target:
build/client/Client.d:
#  Implicit rule search has been done.
#  File is secondary (prerequisite of .SECONDARY).
#  Last modified 2025-11-03 14:59:56.006681007
#  File has been updated.
#  Successfully updated.

build/commands/pass.o: src/commands/pass.cpp src/commands/pass.cpp include/Server.hpp include/Common.hpp include/Client.hpp include/Channels.hpp
#  Implicit rule search has been done.
#  Implicit/static pattern stem: 'commands/pass'
#  File is secondary (prerequisite of .SECONDARY).
#  Last modified 2025-11-03 14:59:56.954683485
#  File has been updated.
#  Successfully updated.
#  recipe to execute (from 'Makefile', line 59):
	@mkdir -p $(@D)
	@printf "$(TAG_CC) %s\n" "$<"
	$(Q)$(CXX) $(CXXFLAGS) $(CPPFLAGS) -c $< -o $@

# Not a target:
build/commands/topic.d:
#  Implicit rule search has been done.
#  File is secondary (prerequisite of .SECONDARY).
#  Last modified 2025-11-03 14:59:57.490684886
#  File has been updated.
#  Successfully updated.

build/channel/Channels.o: src/channel/Channels.cpp src/channel/Channels.cpp include/Channels.hpp include/Common.hpp include/Client.hpp
#  Implicit rule search has been done.
#  Implicit/static pattern stem: 'channel/Channels'
#  File is secondary (prerequisite of .SECONDARY).
#  Last modified 2025-11-03 14:59:55.850680599
#  File has been updated.
#  Successfully updated.
#  recipe to execute (from 'Makefile', line 59):
	@mkdir -p $(@D)
	@printf "$(TAG_CC) %s\n" "$<"
	$(Q)$(CXX) $(CXXFLAGS) $(CPPFLAGS) -c $< -o $@

# Not a target:
build/server/Server.d:
#  Implicit rule search has been done.
#  File is secondary (prerequisite of .SECONDARY).
#  Last modified 2025-11-03 14:59:58.686688011
#  File has been updated.
#  Successfully updated.

build/commands/mode.o: src/commands/mode.cpp include/Server.hpp include/Common.hpp include/Client.hpp include/Channels.hpp
#  Implicit rule search has not been done.
#  Modification time never checked.
#  File has not been updated.

# makefile (from 'Makefile', line 77)
asan: CXXFLAGS += -g3 -O1 -fno-omit-frame-pointer -fsanitize=address
asan: re
#  Phony target (prerequisite of .PHONY).
#  Implicit rule search has not been done.
#  File does not exist.
#  File has not been updated.
# variable set hash-table stats:
# Load=1/32=3%, Rehash=0, Collisions=0/3=0%

include/Channels.hpp:
#  Implicit rule search has been done.
#  File is secondary (prerequisite of .SECONDARY).
#  Last modified 2025-10-29 11:11:55.661458515
#  File has been updated.
#  Successfully updated.

# Not a target:
build/commands/privmsg.d:
#  Implicit rule search has been done.
#  File is secondary (prerequisite of .SECONDARY).
#  Last modified 2025-11-03 14:59:57.138683966
#  File has been updated.
#  Successfully updated.

ircserv: build/channel/Channels.o build/client/Client.o build/commands/invite.o build/commands/kick.o build/commands/nick.o build/commands/part.o build/commands/pass.o build/commands/privmsg.o build/commands/quit.o build/commands/topic.o build/commands/user.o build/commands/join.o build/commands/mode.o build/modes/modes.o build/server/main.o build/server/Server.o
#  Implicit rule search has not been done.
#  Last modified 2025-11-03 14:59:58.754688188
#  File has been updated.
#  Needs to be updated (-q is set).
# variable set hash-table stats:
# Load=0/32=0%, Rehash=0, Collisions=0/9=0%
#  recipe to execute (from 'Makefile', line 53):
	@printf "$(TAG_LD) Linking $(CLR_BOLD)%s$(CLR_RESET)\n" "$@"
	$(Q)$(CXX) $(CXXFLAGS) $(OBJS) -o $@
	@printf "$(CLR_GRN)$(OK_SYM) Built $(CLR_BOLD)%s$(CLR_RESET)\n" "$@"

.PHONY: all clean fclean re debug asan
#  Implicit rule search has not been done.
#  Modification time never checked.
#  File has not been updated.

# Not a target:
src/commands/join.cpp:
#  Implicit rule search has not been done.
#  Modification time never checked.
#  File has not been updated.

# Not a target:
build/server/main.d:
#  Implicit rule search has been done.
#  File is secondary (prerequisite of .SECONDARY).
#  Last modified 2025-11-03 14:59:58.41068729
#  File has been updated.
#  Successfully updated.

# Not a target:
build/commands/pass.d:
#  Implicit rule search has been done.
#  File is secondary (prerequisite of .SECONDARY).
#  Last modified 2025-11-03 14:59:56.954683485
#  File has been updated.
#  Successfully updated.

# files hash-table stats:
# Load=63/1024=6%, Rehash=0, Collisions=0/302=0%
# VPATH Search Paths

# No 'vpath' search paths.

# No general ('VPATH' variable) search path.

# strcache buffers: 1 (0) / strings = 87 / storage = 1495 B / avg = 17 B
# current buf: size = 8162 B / used = 1495 B / count = 87 / avg = 17 B

# strcache performance: lookups = 360 / hit rate = 75%
# hash-table stats:
# Load=87/8192=1%, Rehash=0, Collisions=0/360=0%
# Finished Make data base on Mon Nov  3 15:40:00 2025

 
